2023-12-25 10:04:24.859 [info] Added views:workbench.panel.markers.view in workbench.panel.markers
2023-12-25 10:04:24.859 [info] Added views:workbench.panel.output in workbench.panel.output
2023-12-25 10:04:24.859 [info] Added views:terminal in terminal
2023-12-25 10:04:24.859 [info] Added views:outline in workbench.view.explorer
2023-12-25 10:04:24.859 [info] Added views:workbench.scm in workbench.view.scm
2023-12-25 10:04:24.859 [info] Added views:workbench.view.search in workbench.view.search
2023-12-25 10:04:24.859 [info] Added views:timeline in workbench.view.explorer
2023-12-25 10:04:24.859 [info] Added views:workbench.explorer.emptyView in workbench.view.explorer
2023-12-25 10:04:25.501 [info] Added views:postgres in workbench.view.extension.postgres-explorer
2023-12-25 10:04:25.504 [info] Added views:github.cweijan.mysql in workbench.view.extension.github-cweijan-mysql
2023-12-25 10:04:25.504 [info] Added views:github.cweijan.nosql in workbench.view.extension.github-cweijan-nosql
2023-12-25 10:04:25.504 [info] Added views:gitlens.views.home,gitlens.views.drafts,gitlens.views.workspaces,gitlens.views.account in workbench.view.extension.gitlens
2023-12-25 10:04:25.504 [info] Added views:gitlens.views.commitDetails,gitlens.views.lineHistory,gitlens.views.fileHistory,gitlens.views.searchAndCompare in workbench.view.extension.gitlensInspect
2023-12-25 10:04:25.506 [info] Added views:gitlens.views.commits,gitlens.views.branches,gitlens.views.remotes,gitlens.views.stashes,gitlens.views.tags,gitlens.views.contributors in workbench.view.scm
2023-12-25 10:04:25.509 [info] Added views:dockerContainers,dockerImages,dockerRegistries,dockerNetworks,dockerVolumes,vscode-docker.views.dockerContexts,vscode-docker.views.help in workbench.view.extension.dockerView
2023-12-25 10:04:25.512 [info] Added views:extension.vsKubernetesExplorer,extension.vsKubernetesHelmRepoExplorer,kubernetes.cloudExplorer in workbench.view.extension.kubernetesView
2023-12-25 10:04:25.513 [info] Added views:remoteTargets in workbench.view.remote
2023-12-25 10:04:25.514 [info] Added views:postman-for-vscode.sidebar-panel in workbench.view.extension.sidebar-panel
2023-12-25 10:04:25.514 [info] Added views:postman-console-view in workbench.view.extension.postman-console-view-container
2023-12-25 10:04:25.633 [info] Added views:workbench.debug.variablesView,workbench.debug.watchExpressionsView,workbench.debug.callStackView,workbench.debug.breakPointsView in workbench.view.debug
2023-12-25 10:04:25.650 [info] Added views:workbench.panel.repl.view in workbench.panel.repl
2023-12-25 10:04:25.651 [info] Removed views:workbench.debug.breakPointsView,workbench.debug.callStackView,workbench.debug.watchExpressionsView,workbench.debug.variablesView from workbench.view.debug
2023-12-25 10:04:25.651 [info] Added views:workbench.debug.welcome in workbench.view.debug
2023-12-25 10:04:25.796 [info] Added views:~remote.forwardedPorts in ~remote.forwardedPortsContainer
2023-12-25 10:04:27.306 [info] Removed views:gitlens.views.searchAndCompare,gitlens.views.fileHistory,gitlens.views.lineHistory,gitlens.views.commitDetails from workbench.view.extension.gitlensInspect
2023-12-25 10:04:27.307 [info] Removed views:gitlens.views.contributors,gitlens.views.tags,gitlens.views.stashes,gitlens.views.remotes,gitlens.views.branches,gitlens.views.commits from workbench.view.scm
